0 info it worked if it ends with ok
1 verbose cli [ '/usr/bin/nodejs', '/usr/local/bin/npm', 'start' ]
2 info using npm@3.6.0
3 info using node@v4.4.0
4 verbose run-script [ 'prestart', 'start', 'poststart' ]
5 info lifecycle Prospectors@0.0.0~prestart: Prospectors@0.0.0
6 silly lifecycle Prospectors@0.0.0~prestart: no script for prestart, continuing
7 info lifecycle Prospectors@0.0.0~start: Prospectors@0.0.0
8 verbose lifecycle Prospectors@0.0.0~start: unsafe-perm in lifecycle true
9 verbose lifecycle Prospectors@0.0.0~start: PATH: /usr/local/lib/node_modules/npm/bin/node-gyp-bin:/home/george/Prospectors/node_modules/.bin:/home/george/.rbenv/plugins/ruby-build/bin:/home/george/.rbenv/shims:/home/george/.rbenv/bin:/usr/local/heroku/bin:/usr/local/sbin:/usr/local/bin:/usr/sbin:/usr/bin:/sbin:/bin:/usr/games:/usr/local/games:/home/george/.rvm/bin:/home/george/.rvm/bin:/home/george/.rvm/bin:/home/george/.rvm/bin
10 verbose lifecycle Prospectors@0.0.0~start: CWD: /home/george/Prospectors
11 silly lifecycle Prospectors@0.0.0~start: Args: [ '-c', 'node ./bin/www' ]
12 silly lifecycle Prospectors@0.0.0~start: Returned: code: 1  signal: null
13 info lifecycle Prospectors@0.0.0~start: Failed to exec start script
14 verbose stack Error: Prospectors@0.0.0 start: `node ./bin/www`
14 verbose stack Exit status 1
14 verbose stack     at EventEmitter.<anonymous> (/usr/local/lib/node_modules/npm/lib/utils/lifecycle.js:232:16)
14 verbose stack     at emitTwo (events.js:87:13)
14 verbose stack     at EventEmitter.emit (events.js:172:7)
14 verbose stack     at ChildProcess.<anonymous> (/usr/local/lib/node_modules/npm/lib/utils/spawn.js:24:14)
14 verbose stack     at emitTwo (events.js:87:13)
14 verbose stack     at ChildProcess.emit (events.js:172:7)
14 verbose stack     at maybeClose (internal/child_process.js:827:16)
14 verbose stack     at Process.ChildProcess._handle.onexit (internal/child_process.js:211:5)
15 verbose pkgid Prospectors@0.0.0
16 verbose cwd /home/george/Prospectors
17 error Linux 3.16.0-30-generic
18 error argv "/usr/bin/nodejs" "/usr/local/bin/npm" "start"
19 error node v4.4.0
20 error npm  v3.6.0
21 error code ELIFECYCLE
22 error Prospectors@0.0.0 start: `node ./bin/www`
22 error Exit status 1
23 error Failed at the Prospectors@0.0.0 start script 'node ./bin/www'.
23 error Make sure you have the latest version of node.js and npm installed.
23 error If you do, this is most likely a problem with the Prospectors package,
23 error not with npm itself.
23 error Tell the author that this fails on your system:
23 error     node ./bin/www
23 error You can get information on how to open an issue for this project with:
23 error     npm bugs Prospectors
23 error Or if that isn't available, you can get their info via:
23 error     npm owner ls Prospectors
23 error There is likely additional logging output above.
24 verbose exit [ 1, true ]
